<?xml version='1.0' encoding='UTF-8'?>
<testsuite hostname="DESKTOP-PU5KSJB" name="scala.model.PlayerHandTest" tests="4" errors="0" failures="0" skipped="0" time="0.294" timestamp="2024-11-22T11:17:15">
          <properties>
[...]
</properties>
          <testcase classname="scala.model.PlayerHandTest" name="PlayerHand when created should have 5 cards" time="0.233">
                      
                    </testcase><testcase classname="scala.model.PlayerHandTest" name="PlayerHand when created should which should be random" time="0.022">
                      
                    </testcase><testcase classname="scala.model.PlayerHandTest" name="PlayerHand when existing should be able to get a card removed" time="0.037">
                      
                    </testcase><testcase classname="scala.model.PlayerHandTest" name="PlayerHand when existing should be able to get a card added" time="0.002">
                      
                    </testcase>
          <system-out><![CDATA[]]></system-out>
          <system-err><![CDATA[]]></system-err>
        </testsuite>