<?xml version='1.0' encoding='UTF-8'?>
<testsuite hostname="DESKTOP-PU5KSJB" name="controller.UnoActionStrategyTest" tests="5" errors="0" failures="4" skipped="0" time="0.485" timestamp="2024-12-20T12:23:47">
          <properties>
[...]
</properties>
          <testcase classname="controller.UnoActionStrategyTest" name="DrawCardStrategy should invoke draw on the controller" time="0.027">
                      <failure message="6 was not equal to 1" type="org.scalatest.exceptions.TestFailedException">org.scalatest.exceptions.TestFailedException: 6 was not equal to 1
	at org.scalatest.matchers.MatchersHelper$.indicateFailure(MatchersHelper.scala:392)
	at org.scalatest.matchers.should.Matchers.shouldBe(Matchers.scala:7017)
	at org.scalatest.matchers.should.Matchers.shouldBe$(Matchers.scala:1808)
	at controller.UnoActionStrategyTest.shouldBe(UnoActionStrategyTest.scala:8)
	at controller.UnoActionStrategyTest.testFun$proxy1$1(UnoActionStrategyTest.scala:19)
	at controller.UnoActionStrategyTest.$init$$$anonfun$1(UnoActionStrategyTest.scala:10)
	at org.scalatest.Transformer.apply$$anonfun$1(Transformer.scala:22)
	at org.scalatest.OutcomeOf.outcomeOf(OutcomeOf.scala:85)
	at org.scalatest.OutcomeOf.outcomeOf$(OutcomeOf.scala:31)
	at org.scalatest.OutcomeOf$.outcomeOf(OutcomeOf.scala:104)
	at org.scalatest.Transformer.apply(Transformer.scala:22)
	at org.scalatest.Transformer.apply(Transformer.scala:21)
	at org.scalatest.funsuite.AnyFunSuiteLike$$anon$1.apply(AnyFunSuiteLike.scala:206)
	at org.scalatest.TestSuite.withFixture(TestSuite.scala:196)
	at org.scalatest.TestSuite.withFixture$(TestSuite.scala:138)
	at org.scalatest.funsuite.AnyFunSuite.withFixture(AnyFunSuite.scala:1563)
	at org.scalatest.funsuite.AnyFunSuiteLike.invokeWithFixture$1(AnyFunSuiteLike.scala:212)
	at org.scalatest.funsuite.AnyFunSuiteLike.runTest$$anonfun$1(AnyFunSuiteLike.scala:216)
	at org.scalatest.SuperEngine.runTestImpl(Engine.scala:306)
	at org.scalatest.funsuite.AnyFunSuiteLike.runTest(AnyFunSuiteLike.scala:216)
	at org.scalatest.funsuite.AnyFunSuiteLike.runTest$(AnyFunSuiteLike.scala:47)
	at org.scalatest.funsuite.AnyFunSuite.runTest(AnyFunSuite.scala:1563)
	at org.scalatest.funsuite.AnyFunSuiteLike.runTests$$anonfun$1(AnyFunSuiteLike.scala:249)
	at org.scalatest.SuperEngine.traverseSubNodes$1$$anonfun$1(Engine.scala:413)
	at scala.runtime.function.JProcedure1.apply(JProcedure1.java:15)
	at scala.runtime.function.JProcedure1.apply(JProcedure1.java:10)
	at scala.collection.immutable.List.foreach(List.scala:334)
	at org.scalatest.SuperEngine.traverseSubNodes$1(Engine.scala:429)
	at org.scalatest.SuperEngine.runTestsInBranch(Engine.scala:396)
	at org.scalatest.SuperEngine.runTestsImpl(Engine.scala:475)
	at org.scalatest.funsuite.AnyFunSuiteLike.runTests(AnyFunSuiteLike.scala:249)
	at org.scalatest.funsuite.AnyFunSuiteLike.runTests$(AnyFunSuiteLike.scala:47)
	at org.scalatest.funsuite.AnyFunSuite.runTests(AnyFunSuite.scala:1563)
	at org.scalatest.Suite.run(Suite.scala:1114)
	at org.scalatest.Suite.run$(Suite.scala:564)
	at org.scalatest.funsuite.AnyFunSuite.org$scalatest$funsuite$AnyFunSuiteLike$$super$run(AnyFunSuite.scala:1563)
	at org.scalatest.funsuite.AnyFunSuiteLike.run$$anonfun$1(AnyFunSuiteLike.scala:253)
	at org.scalatest.SuperEngine.runImpl(Engine.scala:535)
	at org.scalatest.funsuite.AnyFunSuiteLike.run(AnyFunSuiteLike.scala:253)
	at org.scalatest.funsuite.AnyFunSuiteLike.run$(AnyFunSuiteLike.scala:47)
	at org.scalatest.funsuite.AnyFunSuite.run(AnyFunSuite.scala:1563)
	at org.scalatest.tools.Framework.org$scalatest$tools$Framework$$runSuite(Framework.scala:321)
	at org.scalatest.tools.Framework$ScalaTestTask.execute(Framework.scala:517)
	at sbt.TestRunner.runTest$1(TestFramework.scala:153)
	at sbt.TestRunner.run(TestFramework.scala:168)
	at sbt.TestFramework$$anon$3$$anonfun$$lessinit$greater$1.$anonfun$apply$1(TestFramework.scala:336)
	at sbt.TestFramework$.sbt$TestFramework$$withContextLoader(TestFramework.scala:296)
	at sbt.TestFramework$$anon$3$$anonfun$$lessinit$greater$1.apply(TestFramework.scala:336)
	at sbt.TestFramework$$anon$3$$anonfun$$lessinit$greater$1.apply(TestFramework.scala:336)
	at sbt.TestFunction.apply(TestFramework.scala:348)
	at sbt.Tests$.$anonfun$toTask$1(Tests.scala:436)
	at sbt.std.Transform$$anon$3.$anonfun$apply$2(Transform.scala:47)
	at sbt.std.Transform$$anon$4.work(Transform.scala:69)
	at sbt.Execute.$anonfun$submit$2(Execute.scala:283)
	at sbt.internal.util.ErrorHandling$.wideConvert(ErrorHandling.scala:24)
	at sbt.Execute.work(Execute.scala:292)
	at sbt.Execute.$anonfun$submit$1(Execute.scala:283)
	at sbt.ConcurrentRestrictions$$anon$4.$anonfun$submitValid$1(ConcurrentRestrictions.scala:265)
	at sbt.CompletionService$$anon$2.call(CompletionService.scala:65)
	at java.base/java.util.concurrent.FutureTask.run(FutureTask.java:317)
	at java.base/java.util.concurrent.Executors$RunnableAdapter.call(Executors.java:572)
	at java.base/java.util.concurrent.FutureTask.run(FutureTask.java:317)
	at java.base/java.util.concurrent.ThreadPoolExecutor.runWorker(ThreadPoolExecutor.java:1144)
	at java.base/java.util.concurrent.ThreadPoolExecutor$Worker.run(ThreadPoolExecutor.java:642)
	at java.base/java.lang.Thread.run(Thread.java:1583)
</failure>
                    </testcase><testcase classname="controller.UnoActionStrategyTest" name="PlayCardStrategy should invoke play on the controller with the specified card" time="0.334">
                      
                    </testcase><testcase classname="controller.UnoActionStrategyTest" name="UnoActionHandler should execute the assigned DrawCardStrategy" time="0.07">
                      <failure message="6 was not equal to 1" type="org.scalatest.exceptions.TestFailedException">org.scalatest.exceptions.TestFailedException: 6 was not equal to 1
	at org.scalatest.matchers.MatchersHelper$.indicateFailure(MatchersHelper.scala:392)
	at org.scalatest.matchers.should.Matchers.shouldBe(Matchers.scala:7017)
	at org.scalatest.matchers.should.Matchers.shouldBe$(Matchers.scala:1808)
	at controller.UnoActionStrategyTest.shouldBe(UnoActionStrategyTest.scala:8)
	at controller.UnoActionStrategyTest.testFun$proxy3$1(UnoActionStrategyTest.scala:48)
	at controller.UnoActionStrategyTest.$init$$$anonfun$3(UnoActionStrategyTest.scala:37)
	at org.scalatest.Transformer.apply$$anonfun$1(Transformer.scala:22)
	at org.scalatest.OutcomeOf.outcomeOf(OutcomeOf.scala:85)
	at org.scalatest.OutcomeOf.outcomeOf$(OutcomeOf.scala:31)
	at org.scalatest.OutcomeOf$.outcomeOf(OutcomeOf.scala:104)
	at org.scalatest.Transformer.apply(Transformer.scala:22)
	at org.scalatest.Transformer.apply(Transformer.scala:21)
	at org.scalatest.funsuite.AnyFunSuiteLike$$anon$1.apply(AnyFunSuiteLike.scala:206)
	at org.scalatest.TestSuite.withFixture(TestSuite.scala:196)
	at org.scalatest.TestSuite.withFixture$(TestSuite.scala:138)
	at org.scalatest.funsuite.AnyFunSuite.withFixture(AnyFunSuite.scala:1563)
	at org.scalatest.funsuite.AnyFunSuiteLike.invokeWithFixture$1(AnyFunSuiteLike.scala:212)
	at org.scalatest.funsuite.AnyFunSuiteLike.runTest$$anonfun$1(AnyFunSuiteLike.scala:216)
	at org.scalatest.SuperEngine.runTestImpl(Engine.scala:306)
	at org.scalatest.funsuite.AnyFunSuiteLike.runTest(AnyFunSuiteLike.scala:216)
	at org.scalatest.funsuite.AnyFunSuiteLike.runTest$(AnyFunSuiteLike.scala:47)
	at org.scalatest.funsuite.AnyFunSuite.runTest(AnyFunSuite.scala:1563)
	at org.scalatest.funsuite.AnyFunSuiteLike.runTests$$anonfun$1(AnyFunSuiteLike.scala:249)
	at org.scalatest.SuperEngine.traverseSubNodes$1$$anonfun$1(Engine.scala:413)
	at scala.runtime.function.JProcedure1.apply(JProcedure1.java:15)
	at scala.runtime.function.JProcedure1.apply(JProcedure1.java:10)
	at scala.collection.immutable.List.foreach(List.scala:334)
	at org.scalatest.SuperEngine.traverseSubNodes$1(Engine.scala:429)
	at org.scalatest.SuperEngine.runTestsInBranch(Engine.scala:396)
	at org.scalatest.SuperEngine.runTestsImpl(Engine.scala:475)
	at org.scalatest.funsuite.AnyFunSuiteLike.runTests(AnyFunSuiteLike.scala:249)
	at org.scalatest.funsuite.AnyFunSuiteLike.runTests$(AnyFunSuiteLike.scala:47)
	at org.scalatest.funsuite.AnyFunSuite.runTests(AnyFunSuite.scala:1563)
	at org.scalatest.Suite.run(Suite.scala:1114)
	at org.scalatest.Suite.run$(Suite.scala:564)
	at org.scalatest.funsuite.AnyFunSuite.org$scalatest$funsuite$AnyFunSuiteLike$$super$run(AnyFunSuite.scala:1563)
	at org.scalatest.funsuite.AnyFunSuiteLike.run$$anonfun$1(AnyFunSuiteLike.scala:253)
	at org.scalatest.SuperEngine.runImpl(Engine.scala:535)
	at org.scalatest.funsuite.AnyFunSuiteLike.run(AnyFunSuiteLike.scala:253)
	at org.scalatest.funsuite.AnyFunSuiteLike.run$(AnyFunSuiteLike.scala:47)
	at org.scalatest.funsuite.AnyFunSuite.run(AnyFunSuite.scala:1563)
	at org.scalatest.tools.Framework.org$scalatest$tools$Framework$$runSuite(Framework.scala:321)
	at org.scalatest.tools.Framework$ScalaTestTask.execute(Framework.scala:517)
	at sbt.TestRunner.runTest$1(TestFramework.scala:153)
	at sbt.TestRunner.run(TestFramework.scala:168)
	at sbt.TestFramework$$anon$3$$anonfun$$lessinit$greater$1.$anonfun$apply$1(TestFramework.scala:336)
	at sbt.TestFramework$.sbt$TestFramework$$withContextLoader(TestFramework.scala:296)
	at sbt.TestFramework$$anon$3$$anonfun$$lessinit$greater$1.apply(TestFramework.scala:336)
	at sbt.TestFramework$$anon$3$$anonfun$$lessinit$greater$1.apply(TestFramework.scala:336)
	at sbt.TestFunction.apply(TestFramework.scala:348)
	at sbt.Tests$.$anonfun$toTask$1(Tests.scala:436)
	at sbt.std.Transform$$anon$3.$anonfun$apply$2(Transform.scala:47)
	at sbt.std.Transform$$anon$4.work(Transform.scala:69)
	at sbt.Execute.$anonfun$submit$2(Execute.scala:283)
	at sbt.internal.util.ErrorHandling$.wideConvert(ErrorHandling.scala:24)
	at sbt.Execute.work(Execute.scala:292)
	at sbt.Execute.$anonfun$submit$1(Execute.scala:283)
	at sbt.ConcurrentRestrictions$$anon$4.$anonfun$submitValid$1(ConcurrentRestrictions.scala:265)
	at sbt.CompletionService$$anon$2.call(CompletionService.scala:65)
	at java.base/java.util.concurrent.FutureTask.run(FutureTask.java:317)
	at java.base/java.util.concurrent.Executors$RunnableAdapter.call(Executors.java:572)
	at java.base/java.util.concurrent.FutureTask.run(FutureTask.java:317)
	at java.base/java.util.concurrent.ThreadPoolExecutor.runWorker(ThreadPoolExecutor.java:1144)
	at java.base/java.util.concurrent.ThreadPoolExecutor$Worker.run(ThreadPoolExecutor.java:642)
	at java.base/java.lang.Thread.run(Thread.java:1583)
</failure>
                    </testcase><testcase classname="controller.UnoActionStrategyTest" name="UnoActionHandler should execute the assigned PlayCardStrategy" time="0.011">
                      <failure message="Card(BLUE, REVERSE) was not equal to Card(RED, THREE)" type="org.scalatest.exceptions.TestFailedException">org.scalatest.exceptions.TestFailedException: Card(BLUE, REVERSE) was not equal to Card(RED, THREE)
	at org.scalatest.matchers.MatchersHelper$.indicateFailure(MatchersHelper.scala:392)
	at org.scalatest.matchers.should.Matchers.shouldBe(Matchers.scala:7017)
	at org.scalatest.matchers.should.Matchers.shouldBe$(Matchers.scala:1808)
	at controller.UnoActionStrategyTest.shouldBe(UnoActionStrategyTest.scala:8)
	at controller.UnoActionStrategyTest.testFun$proxy4$1(UnoActionStrategyTest.scala:64)
	at controller.UnoActionStrategyTest.$init$$$anonfun$4(UnoActionStrategyTest.scala:51)
	at org.scalatest.Transformer.apply$$anonfun$1(Transformer.scala:22)
	at org.scalatest.OutcomeOf.outcomeOf(OutcomeOf.scala:85)
	at org.scalatest.OutcomeOf.outcomeOf$(OutcomeOf.scala:31)
	at org.scalatest.OutcomeOf$.outcomeOf(OutcomeOf.scala:104)
	at org.scalatest.Transformer.apply(Transformer.scala:22)
	at org.scalatest.Transformer.apply(Transformer.scala:21)
	at org.scalatest.funsuite.AnyFunSuiteLike$$anon$1.apply(AnyFunSuiteLike.scala:206)
	at org.scalatest.TestSuite.withFixture(TestSuite.scala:196)
	at org.scalatest.TestSuite.withFixture$(TestSuite.scala:138)
	at org.scalatest.funsuite.AnyFunSuite.withFixture(AnyFunSuite.scala:1563)
	at org.scalatest.funsuite.AnyFunSuiteLike.invokeWithFixture$1(AnyFunSuiteLike.scala:212)
	at org.scalatest.funsuite.AnyFunSuiteLike.runTest$$anonfun$1(AnyFunSuiteLike.scala:216)
	at org.scalatest.SuperEngine.runTestImpl(Engine.scala:306)
	at org.scalatest.funsuite.AnyFunSuiteLike.runTest(AnyFunSuiteLike.scala:216)
	at org.scalatest.funsuite.AnyFunSuiteLike.runTest$(AnyFunSuiteLike.scala:47)
	at org.scalatest.funsuite.AnyFunSuite.runTest(AnyFunSuite.scala:1563)
	at org.scalatest.funsuite.AnyFunSuiteLike.runTests$$anonfun$1(AnyFunSuiteLike.scala:249)
	at org.scalatest.SuperEngine.traverseSubNodes$1$$anonfun$1(Engine.scala:413)
	at scala.runtime.function.JProcedure1.apply(JProcedure1.java:15)
	at scala.runtime.function.JProcedure1.apply(JProcedure1.java:10)
	at scala.collection.immutable.List.foreach(List.scala:334)
	at org.scalatest.SuperEngine.traverseSubNodes$1(Engine.scala:429)
	at org.scalatest.SuperEngine.runTestsInBranch(Engine.scala:396)
	at org.scalatest.SuperEngine.runTestsImpl(Engine.scala:475)
	at org.scalatest.funsuite.AnyFunSuiteLike.runTests(AnyFunSuiteLike.scala:249)
	at org.scalatest.funsuite.AnyFunSuiteLike.runTests$(AnyFunSuiteLike.scala:47)
	at org.scalatest.funsuite.AnyFunSuite.runTests(AnyFunSuite.scala:1563)
	at org.scalatest.Suite.run(Suite.scala:1114)
	at org.scalatest.Suite.run$(Suite.scala:564)
	at org.scalatest.funsuite.AnyFunSuite.org$scalatest$funsuite$AnyFunSuiteLike$$super$run(AnyFunSuite.scala:1563)
	at org.scalatest.funsuite.AnyFunSuiteLike.run$$anonfun$1(AnyFunSuiteLike.scala:253)
	at org.scalatest.SuperEngine.runImpl(Engine.scala:535)
	at org.scalatest.funsuite.AnyFunSuiteLike.run(AnyFunSuiteLike.scala:253)
	at org.scalatest.funsuite.AnyFunSuiteLike.run$(AnyFunSuiteLike.scala:47)
	at org.scalatest.funsuite.AnyFunSuite.run(AnyFunSuite.scala:1563)
	at org.scalatest.tools.Framework.org$scalatest$tools$Framework$$runSuite(Framework.scala:321)
	at org.scalatest.tools.Framework$ScalaTestTask.execute(Framework.scala:517)
	at sbt.TestRunner.runTest$1(TestFramework.scala:153)
	at sbt.TestRunner.run(TestFramework.scala:168)
	at sbt.TestFramework$$anon$3$$anonfun$$lessinit$greater$1.$anonfun$apply$1(TestFramework.scala:336)
	at sbt.TestFramework$.sbt$TestFramework$$withContextLoader(TestFramework.scala:296)
	at sbt.TestFramework$$anon$3$$anonfun$$lessinit$greater$1.apply(TestFramework.scala:336)
	at sbt.TestFramework$$anon$3$$anonfun$$lessinit$greater$1.apply(TestFramework.scala:336)
	at sbt.TestFunction.apply(TestFramework.scala:348)
	at sbt.Tests$.$anonfun$toTask$1(Tests.scala:436)
	at sbt.std.Transform$$anon$3.$anonfun$apply$2(Transform.scala:47)
	at sbt.std.Transform$$anon$4.work(Transform.scala:69)
	at sbt.Execute.$anonfun$submit$2(Execute.scala:283)
	at sbt.internal.util.ErrorHandling$.wideConvert(ErrorHandling.scala:24)
	at sbt.Execute.work(Execute.scala:292)
	at sbt.Execute.$anonfun$submit$1(Execute.scala:283)
	at sbt.ConcurrentRestrictions$$anon$4.$anonfun$submitValid$1(ConcurrentRestrictions.scala:265)
	at sbt.CompletionService$$anon$2.call(CompletionService.scala:65)
	at java.base/java.util.concurrent.FutureTask.run(FutureTask.java:317)
	at java.base/java.util.concurrent.Executors$RunnableAdapter.call(Executors.java:572)
	at java.base/java.util.concurrent.FutureTask.run(FutureTask.java:317)
	at java.base/java.util.concurrent.ThreadPoolExecutor.runWorker(ThreadPoolExecutor.java:1144)
	at java.base/java.util.concurrent.ThreadPoolExecutor$Worker.run(ThreadPoolExecutor.java:642)
	at java.base/java.lang.Thread.run(Thread.java:1583)
</failure>
                    </testcase><testcase classname="controller.UnoActionStrategyTest" name="UnoActionHandler should allow strategy swapping at runtime" time="0.043">
                      <failure message="Card(YELLOW, SIX) was not equal to Card(RED, THREE)" type="org.scalatest.exceptions.TestFailedException">org.scalatest.exceptions.TestFailedException: Card(YELLOW, SIX) was not equal to Card(RED, THREE)
	at org.scalatest.matchers.MatchersHelper$.indicateFailure(MatchersHelper.scala:392)
	at org.scalatest.matchers.should.Matchers.shouldBe(Matchers.scala:7017)
	at org.scalatest.matchers.should.Matchers.shouldBe$(Matchers.scala:1808)
	at controller.UnoActionStrategyTest.shouldBe(UnoActionStrategyTest.scala:8)
	at controller.UnoActionStrategyTest.testFun$proxy5$1(UnoActionStrategyTest.scala:87)
	at controller.UnoActionStrategyTest.$init$$$anonfun$5(UnoActionStrategyTest.scala:68)
	at org.scalatest.Transformer.apply$$anonfun$1(Transformer.scala:22)
	at org.scalatest.OutcomeOf.outcomeOf(OutcomeOf.scala:85)
	at org.scalatest.OutcomeOf.outcomeOf$(OutcomeOf.scala:31)
	at org.scalatest.OutcomeOf$.outcomeOf(OutcomeOf.scala:104)
	at org.scalatest.Transformer.apply(Transformer.scala:22)
	at org.scalatest.Transformer.apply(Transformer.scala:21)
	at org.scalatest.funsuite.AnyFunSuiteLike$$anon$1.apply(AnyFunSuiteLike.scala:206)
	at org.scalatest.TestSuite.withFixture(TestSuite.scala:196)
	at org.scalatest.TestSuite.withFixture$(TestSuite.scala:138)
	at org.scalatest.funsuite.AnyFunSuite.withFixture(AnyFunSuite.scala:1563)
	at org.scalatest.funsuite.AnyFunSuiteLike.invokeWithFixture$1(AnyFunSuiteLike.scala:212)
	at org.scalatest.funsuite.AnyFunSuiteLike.runTest$$anonfun$1(AnyFunSuiteLike.scala:216)
	at org.scalatest.SuperEngine.runTestImpl(Engine.scala:306)
	at org.scalatest.funsuite.AnyFunSuiteLike.runTest(AnyFunSuiteLike.scala:216)
	at org.scalatest.funsuite.AnyFunSuiteLike.runTest$(AnyFunSuiteLike.scala:47)
	at org.scalatest.funsuite.AnyFunSuite.runTest(AnyFunSuite.scala:1563)
	at org.scalatest.funsuite.AnyFunSuiteLike.runTests$$anonfun$1(AnyFunSuiteLike.scala:249)
	at org.scalatest.SuperEngine.traverseSubNodes$1$$anonfun$1(Engine.scala:413)
	at scala.runtime.function.JProcedure1.apply(JProcedure1.java:15)
	at scala.runtime.function.JProcedure1.apply(JProcedure1.java:10)
	at scala.collection.immutable.List.foreach(List.scala:334)
	at org.scalatest.SuperEngine.traverseSubNodes$1(Engine.scala:429)
	at org.scalatest.SuperEngine.runTestsInBranch(Engine.scala:396)
	at org.scalatest.SuperEngine.runTestsImpl(Engine.scala:475)
	at org.scalatest.funsuite.AnyFunSuiteLike.runTests(AnyFunSuiteLike.scala:249)
	at org.scalatest.funsuite.AnyFunSuiteLike.runTests$(AnyFunSuiteLike.scala:47)
	at org.scalatest.funsuite.AnyFunSuite.runTests(AnyFunSuite.scala:1563)
	at org.scalatest.Suite.run(Suite.scala:1114)
	at org.scalatest.Suite.run$(Suite.scala:564)
	at org.scalatest.funsuite.AnyFunSuite.org$scalatest$funsuite$AnyFunSuiteLike$$super$run(AnyFunSuite.scala:1563)
	at org.scalatest.funsuite.AnyFunSuiteLike.run$$anonfun$1(AnyFunSuiteLike.scala:253)
	at org.scalatest.SuperEngine.runImpl(Engine.scala:535)
	at org.scalatest.funsuite.AnyFunSuiteLike.run(AnyFunSuiteLike.scala:253)
	at org.scalatest.funsuite.AnyFunSuiteLike.run$(AnyFunSuiteLike.scala:47)
	at org.scalatest.funsuite.AnyFunSuite.run(AnyFunSuite.scala:1563)
	at org.scalatest.tools.Framework.org$scalatest$tools$Framework$$runSuite(Framework.scala:321)
	at org.scalatest.tools.Framework$ScalaTestTask.execute(Framework.scala:517)
	at sbt.TestRunner.runTest$1(TestFramework.scala:153)
	at sbt.TestRunner.run(TestFramework.scala:168)
	at sbt.TestFramework$$anon$3$$anonfun$$lessinit$greater$1.$anonfun$apply$1(TestFramework.scala:336)
	at sbt.TestFramework$.sbt$TestFramework$$withContextLoader(TestFramework.scala:296)
	at sbt.TestFramework$$anon$3$$anonfun$$lessinit$greater$1.apply(TestFramework.scala:336)
	at sbt.TestFramework$$anon$3$$anonfun$$lessinit$greater$1.apply(TestFramework.scala:336)
	at sbt.TestFunction.apply(TestFramework.scala:348)
	at sbt.Tests$.$anonfun$toTask$1(Tests.scala:436)
	at sbt.std.Transform$$anon$3.$anonfun$apply$2(Transform.scala:47)
	at sbt.std.Transform$$anon$4.work(Transform.scala:69)
	at sbt.Execute.$anonfun$submit$2(Execute.scala:283)
	at sbt.internal.util.ErrorHandling$.wideConvert(ErrorHandling.scala:24)
	at sbt.Execute.work(Execute.scala:292)
	at sbt.Execute.$anonfun$submit$1(Execute.scala:283)
	at sbt.ConcurrentRestrictions$$anon$4.$anonfun$submitValid$1(ConcurrentRestrictions.scala:265)
	at sbt.CompletionService$$anon$2.call(CompletionService.scala:65)
	at java.base/java.util.concurrent.FutureTask.run(FutureTask.java:317)
	at java.base/java.util.concurrent.Executors$RunnableAdapter.call(Executors.java:572)
	at java.base/java.util.concurrent.FutureTask.run(FutureTask.java:317)
	at java.base/java.util.concurrent.ThreadPoolExecutor.runWorker(ThreadPoolExecutor.java:1144)
	at java.base/java.util.concurrent.ThreadPoolExecutor$Worker.run(ThreadPoolExecutor.java:642)
	at java.base/java.lang.Thread.run(Thread.java:1583)
</failure>
                    </testcase>
          <system-out><![CDATA[]]></system-out>
          <system-err><![CDATA[]]></system-err>
        </testsuite>