<?xml version='1.0' encoding='UTF-8'?>
<testsuite hostname="manuLaptop" name="scala.model.PlayerTest" tests="3" errors="0" failures="0" skipped="0" time="0.07" timestamp="2024-11-22T10:34:45">
          <properties>
[...]
</properties>
          <testcase classname="scala.model.PlayerTest" name="Player should play a card" time="0.067">
                      
                    </testcase><testcase classname="scala.model.PlayerTest" name="Player should check if card is valid" time="0.002">
                      
                    </testcase><testcase classname="scala.model.PlayerTest" name="Player should not play a card" time="0.001">
                      
                    </testcase>
          <system-out><![CDATA[]]></system-out>
          <system-err><![CDATA[]]></system-err>
        </testsuite>